app/build/intermediates/manifest_merge_blame_file/stagingDebug/manifest-merger-blame-staging-debug-report.txt
1<?xml version="1.0" encoding="utf-8"?>
2<manifest xmlns:android="http://schemas.android.com/apk/res/android"
3    package="com.fli.elogistic.driver.staging"
4    android:versionCode="1"
5    android:versionName="2.0-staging" >
6
7    <uses-sdk
8        android:minSdkVersion="21"
8-->src\main\AndroidManifest.xml
9        android:targetSdkVersion="29" />
9-->src\main\AndroidManifest.xml
10
11    <uses-permission android:name="android.permission.ACCESS_FINE_LOCATION" />
11-->src\main\AndroidManifest.xml:5:5-79
11-->src\main\AndroidManifest.xml:5:22-76
12    <uses-permission android:name="android.permission.ACCESS_COARSE_LOCATION" />
12-->src\main\AndroidManifest.xml:6:5-81
12-->src\main\AndroidManifest.xml:6:22-78
13    <uses-permission android:name="android.permission.READ_CONTACTS" />
13-->src\main\AndroidManifest.xml:7:5-72
13-->src\main\AndroidManifest.xml:7:22-69
14    <uses-permission android:name="android.permission.INTERNET" />
14-->src\main\AndroidManifest.xml:8:5-67
14-->src\main\AndroidManifest.xml:8:22-64
15    <uses-permission android:name="android.permission.CALL_PHONE" />
15-->src\main\AndroidManifest.xml:9:5-69
15-->src\main\AndroidManifest.xml:9:22-66
16    <uses-permission android:name="android.permission.READ_EXTERNAL_STORAGE" />
16-->src\main\AndroidManifest.xml:10:5-80
16-->src\main\AndroidManifest.xml:10:22-77
17    <uses-permission android:name="android.permission.WRITE_EXTERNAL_STORAGE" />
17-->src\main\AndroidManifest.xml:11:5-81
17-->src\main\AndroidManifest.xml:11:22-78
18    <uses-permission android:name="android.permission.FOREGROUND_SERVICE" />
18-->src\main\AndroidManifest.xml:12:5-77
18-->src\main\AndroidManifest.xml:12:22-74
19
20    <uses-feature
20-->src\main\AndroidManifest.xml:14:5-16:35
21        android:name="android.hardware.camera.any"
21-->src\main\AndroidManifest.xml:15:9-51
22        android:required="true" />
22-->src\main\AndroidManifest.xml:16:9-32
23    <uses-feature
23-->src\main\AndroidManifest.xml:17:5-19:36
24        android:name="android.hardware.camera.autofocus"
24-->src\main\AndroidManifest.xml:18:9-57
25        android:required="false" />
25-->src\main\AndroidManifest.xml:19:9-33
26
27    <!-- Include required permissions for Google Maps API to run. -->
28    <uses-permission android:name="android.permission.ACCESS_NETWORK_STATE" />
28-->[com.google.android.gms:play-services-maps:17.0.0] AndroidManifest.xml:23:5-79
28-->[com.google.android.gms:play-services-maps:17.0.0] AndroidManifest.xml:23:22-76
29
30    <uses-feature
30-->[com.google.android.gms:play-services-maps:17.0.0] AndroidManifest.xml:26:5-28:35
31        android:glEsVersion="0x00020000"
31-->[com.google.android.gms:play-services-maps:17.0.0] AndroidManifest.xml:27:9-41
32        android:required="true" />
32-->[com.google.android.gms:play-services-maps:17.0.0] AndroidManifest.xml:28:9-32
33
34    <uses-permission android:name="android.permission.WAKE_LOCK" /> <!-- Required by older versions of Google Play services to create IID tokens -->
34-->[com.google.firebase:firebase-iid:21.0.1] AndroidManifest.xml:24:5-68
34-->[com.google.firebase:firebase-iid:21.0.1] AndroidManifest.xml:24:22-65
35    <uses-permission android:name="com.google.android.c2dm.permission.RECEIVE" />
35-->[com.google.firebase:firebase-iid:21.0.1] AndroidManifest.xml:26:5-82
35-->[com.google.firebase:firebase-iid:21.0.1] AndroidManifest.xml:26:22-79
36    <uses-permission android:name="com.google.android.finsky.permission.BIND_GET_INSTALL_REFERRER_SERVICE" />
36-->[com.google.android.gms:play-services-measurement:18.0.1] AndroidManifest.xml:26:5-110
36-->[com.google.android.gms:play-services-measurement:18.0.1] AndroidManifest.xml:26:22-107
37
38    <application
38-->src\main\AndroidManifest.xml:21:5-123:19
39        android:name="com.fli.elogistic.driver.MainApp"
39-->src\main\AndroidManifest.xml:22:9-32
40        android:allowBackup="true"
40-->src\main\AndroidManifest.xml:23:9-35
41        android:appComponentFactory="androidx.core.app.CoreComponentFactory"
41-->[androidx.core:core:1.3.2] AndroidManifest.xml:24:18-86
42        android:debuggable="true"
43        android:icon="@mipmap/ic_launcher"
43-->src\main\AndroidManifest.xml:24:9-43
44        android:label="@string/app_name"
44-->src\main\AndroidManifest.xml:25:9-41
45        android:roundIcon="@mipmap/ic_launcher_round"
45-->src\main\AndroidManifest.xml:26:9-54
46        android:supportsRtl="true"
46-->src\main\AndroidManifest.xml:27:9-35
47        android:usesCleartextTraffic="true" >
47-->src\main\AndroidManifest.xml:28:9-44
48        <activity
48-->src\main\AndroidManifest.xml:30:9-32:57
49            android:name="com.fli.elogistic.driver.ui.activities.AccidentActivity"
49-->src\main\AndroidManifest.xml:30:19-65
50            android:screenOrientation="portrait"
50-->src\main\AndroidManifest.xml:31:13-49
51            android:theme="@style/AppThemeNoActionBar" />
51-->src\main\AndroidManifest.xml:32:13-55
52        <activity
52-->src\main\AndroidManifest.xml:33:9-36:58
53            android:name="com.fli.elogistic.driver.ui.activities.UploadPODActivity"
53-->src\main\AndroidManifest.xml:34:13-60
54            android:screenOrientation="portrait"
54-->src\main\AndroidManifest.xml:35:13-49
55            android:theme="@style/AppThemeNoActionBar" />
55-->src\main\AndroidManifest.xml:36:13-55
56        <activity
56-->src\main\AndroidManifest.xml:37:9-40:58
57            android:name="com.fli.elogistic.driver.ui.activities.BiayaTambahanActivity"
57-->src\main\AndroidManifest.xml:38:13-64
58            android:screenOrientation="portrait"
58-->src\main\AndroidManifest.xml:39:13-49
59            android:theme="@style/AppThemeNoActionBar" />
59-->src\main\AndroidManifest.xml:40:13-55
60        <activity
60-->src\main\AndroidManifest.xml:41:9-44:58
61            android:name="com.fli.elogistic.driver.ui.activities.DaftarBiayaOngkirActivity"
61-->src\main\AndroidManifest.xml:42:13-68
62            android:screenOrientation="portrait"
62-->src\main\AndroidManifest.xml:43:13-49
63            android:theme="@style/AppThemeNoActionBar" />
63-->src\main\AndroidManifest.xml:44:13-55
64        <activity
64-->src\main\AndroidManifest.xml:45:9-48:58
65            android:name="com.fli.elogistic.driver.ui.activities.PernyataanSerahTerimaActivity"
65-->src\main\AndroidManifest.xml:46:13-72
66            android:screenOrientation="portrait"
66-->src\main\AndroidManifest.xml:47:13-49
67            android:theme="@style/AppThemeNoActionBar" />
67-->src\main\AndroidManifest.xml:48:13-55
68        <activity
68-->src\main\AndroidManifest.xml:49:9-52:58
69            android:name="com.fli.elogistic.driver.ui.activities.LaporanKerusakanSelisihActivity"
69-->src\main\AndroidManifest.xml:50:13-74
70            android:screenOrientation="portrait"
70-->src\main\AndroidManifest.xml:51:13-49
71            android:theme="@style/AppThemeNoActionBar" />
71-->src\main\AndroidManifest.xml:52:13-55
72        <activity
72-->src\main\AndroidManifest.xml:53:9-56:58
73            android:name="com.fli.elogistic.driver.ui.activities.LokasiPenjemputanActivity"
73-->src\main\AndroidManifest.xml:54:13-68
74            android:screenOrientation="portrait"
74-->src\main\AndroidManifest.xml:55:13-49
75            android:theme="@style/AppThemeNoActionBar" />
75-->src\main\AndroidManifest.xml:56:13-55
76        <activity
76-->src\main\AndroidManifest.xml:57:9-60:58
77            android:name="com.fli.elogistic.driver.ui.activities.DokumenPODActivity"
77-->src\main\AndroidManifest.xml:58:13-61
78            android:screenOrientation="portrait"
78-->src\main\AndroidManifest.xml:59:13-49
79            android:theme="@style/AppThemeNoActionBar" />
79-->src\main\AndroidManifest.xml:60:13-55
80        <activity
80-->src\main\AndroidManifest.xml:61:9-64:58
81            android:name="com.fli.elogistic.driver.ui.activities.PODDetailActivity"
81-->src\main\AndroidManifest.xml:62:13-60
82            android:screenOrientation="portrait"
82-->src\main\AndroidManifest.xml:63:13-49
83            android:theme="@style/AppThemeNoActionBar" />
83-->src\main\AndroidManifest.xml:64:13-55
84        <activity
84-->src\main\AndroidManifest.xml:65:9-68:58
85            android:name="com.fli.elogistic.driver.ui.activities.PengirimanDetailActivity"
85-->src\main\AndroidManifest.xml:66:13-67
86            android:screenOrientation="portrait"
86-->src\main\AndroidManifest.xml:67:13-49
87            android:theme="@style/AppThemeNoActionBar" />
87-->src\main\AndroidManifest.xml:68:13-55
88        <activity
88-->src\main\AndroidManifest.xml:69:9-72:58
89            android:name="com.fli.elogistic.driver.ui.activities.KonfirmasiDetailActivity"
89-->src\main\AndroidManifest.xml:70:13-67
90            android:screenOrientation="portrait"
90-->src\main\AndroidManifest.xml:71:13-49
91            android:theme="@style/AppThemeNoActionBar" />
91-->src\main\AndroidManifest.xml:72:13-55
92        <activity
92-->src\main\AndroidManifest.xml:73:9-76:58
93            android:name="com.fli.elogistic.driver.ui.activities.AuthorizationActivity"
93-->src\main\AndroidManifest.xml:74:13-64
94            android:screenOrientation="portrait"
94-->src\main\AndroidManifest.xml:75:13-49
95            android:theme="@style/AppThemeNoActionBar" />
95-->src\main\AndroidManifest.xml:76:13-55
96        <activity
96-->src\main\AndroidManifest.xml:77:9-86:20
97            android:name="com.fli.elogistic.driver.ui.activities.SplashActivity"
97-->src\main\AndroidManifest.xml:78:13-57
98            android:screenOrientation="portrait"
98-->src\main\AndroidManifest.xml:79:13-49
99            android:theme="@style/SplashTheme" >
99-->src\main\AndroidManifest.xml:80:13-47
100            <intent-filter>
100-->src\main\AndroidManifest.xml:81:13-85:29
101                <action android:name="android.intent.action.MAIN" />
101-->src\main\AndroidManifest.xml:82:17-69
101-->src\main\AndroidManifest.xml:82:25-66
102
103                <category android:name="android.intent.category.LAUNCHER" />
103-->src\main\AndroidManifest.xml:84:17-77
103-->src\main\AndroidManifest.xml:84:27-74
104            </intent-filter>
105        </activity>
106        <activity
106-->src\main\AndroidManifest.xml:87:9-90:58
107            android:name="com.fli.elogistic.driver.ui.activities.MainActivity"
107-->src\main\AndroidManifest.xml:88:13-55
108            android:screenOrientation="portrait"
108-->src\main\AndroidManifest.xml:89:13-49
109            android:theme="@style/AppThemeNoActionBar" /> <!-- <service -->
109-->src\main\AndroidManifest.xml:90:13-55
110        <!-- android:name=".util.pushNotificationUtils.ChatbotFirebaseMessagingService" -->
111        <!-- android:exported="false"> -->
112        <!-- <intent-filter> -->
113        <!-- <action android:name="com.google.firebase.MESSAGING_EVENT" /> -->
114        <!-- </intent-filter> -->
115        <!-- </service> -->
116        <service
116-->src\main\AndroidManifest.xml:97:9-103:19
117            android:name="com.fli.elogistic.driver.util.pushNotificationUtils.FCMMessagingService"
117-->src\main\AndroidManifest.xml:98:13-75
118            android:exported="false" >
118-->src\main\AndroidManifest.xml:99:13-37
119            <intent-filter>
119-->src\main\AndroidManifest.xml:100:13-102:29
120                <action android:name="com.google.firebase.MESSAGING_EVENT" />
120-->src\main\AndroidManifest.xml:101:17-78
120-->src\main\AndroidManifest.xml:101:25-75
121            </intent-filter>
122        </service>
123        <service
123-->src\main\AndroidManifest.xml:104:9-107:40
124            android:name="com.fli.elogistic.driver.services.LocationsService"
124-->src\main\AndroidManifest.xml:105:13-54
125            android:enabled="true"
125-->src\main\AndroidManifest.xml:106:13-35
126            android:exported="false" />
126-->src\main\AndroidManifest.xml:107:13-37
127
128        <provider
128-->src\main\AndroidManifest.xml:109:9-117:20
129            android:name="androidx.core.content.FileProvider"
129-->src\main\AndroidManifest.xml:110:13-62
130            android:authorities="com.fli.elogistic.driver.provider"
130-->src\main\AndroidManifest.xml:111:13-68
131            android:exported="false"
131-->src\main\AndroidManifest.xml:112:13-37
132            android:grantUriPermissions="true" >
132-->src\main\AndroidManifest.xml:113:13-47
133            <meta-data
133-->src\main\AndroidManifest.xml:114:13-116:53
134                android:name="android.support.FILE_PROVIDER_PATHS"
134-->src\main\AndroidManifest.xml:115:17-67
135                android:resource="@xml/file_path" />
135-->src\main\AndroidManifest.xml:116:17-50
136        </provider>
137
138        <meta-data
138-->src\main\AndroidManifest.xml:119:9-121:45
139            android:name="com.google.firebase.messaging.default_notification_channel_id"
139-->src\main\AndroidManifest.xml:120:13-89
140            android:value="notif_channel" />
140-->src\main\AndroidManifest.xml:121:13-42
141
142        <!--
143             FirebaseMessagingService performs security checks at runtime,
144             but set to not exported to explicitly avoid allowing another app to call it.
145        -->
146        <service
146-->[com.google.firebase:firebase-messaging:21.0.1] AndroidManifest.xml:28:9-35:19
147            android:name="com.google.firebase.messaging.FirebaseMessagingService"
147-->[com.google.firebase:firebase-messaging:21.0.1] AndroidManifest.xml:29:13-82
148            android:directBootAware="true"
148-->[com.google.firebase:firebase-messaging:21.0.1] AndroidManifest.xml:30:13-43
149            android:exported="false" >
149-->[com.google.firebase:firebase-messaging:21.0.1] AndroidManifest.xml:31:13-37
150            <intent-filter android:priority="-500" >
150-->src\main\AndroidManifest.xml:100:13-102:29
151                <action android:name="com.google.firebase.MESSAGING_EVENT" />
151-->src\main\AndroidManifest.xml:101:17-78
151-->src\main\AndroidManifest.xml:101:25-75
152            </intent-filter>
153        </service>
154        <service
154-->[com.google.firebase:firebase-messaging:21.0.1] AndroidManifest.xml:36:9-42:19
155            android:name="com.google.firebase.components.ComponentDiscoveryService"
155-->[com.google.firebase:firebase-messaging:21.0.1] AndroidManifest.xml:37:13-84
156            android:directBootAware="true"
156-->[com.google.firebase:firebase-common:19.5.0] AndroidManifest.xml:35:13-43
157            android:exported="false" >
157-->[com.google.firebase:firebase-messaging:21.0.1] AndroidManifest.xml:38:13-37
158            <meta-data
158-->[com.google.firebase:firebase-messaging:21.0.1] AndroidManifest.xml:39:13-41:85
159                android:name="com.google.firebase.components:com.google.firebase.messaging.FirebaseMessagingRegistrar"
159-->[com.google.firebase:firebase-messaging:21.0.1] AndroidManifest.xml:40:17-119
160                android:value="com.google.firebase.components.ComponentRegistrar" />
160-->[com.google.firebase:firebase-messaging:21.0.1] AndroidManifest.xml:41:17-82
161            <meta-data
161-->[com.google.firebase:firebase-iid:21.0.1] AndroidManifest.xml:32:13-34:85
162                android:name="com.google.firebase.components:com.google.firebase.iid.Registrar"
162-->[com.google.firebase:firebase-iid:21.0.1] AndroidManifest.xml:33:17-96
163                android:value="com.google.firebase.components.ComponentRegistrar" />
163-->[com.google.firebase:firebase-iid:21.0.1] AndroidManifest.xml:34:17-82
164            <meta-data
164-->[com.google.firebase:firebase-crashlytics:17.3.0] AndroidManifest.xml:18:13-20:85
165                android:name="com.google.firebase.components:com.google.firebase.crashlytics.CrashlyticsRegistrar"
165-->[com.google.firebase:firebase-crashlytics:17.3.0] AndroidManifest.xml:19:17-115
166                android:value="com.google.firebase.components.ComponentRegistrar" />
166-->[com.google.firebase:firebase-crashlytics:17.3.0] AndroidManifest.xml:20:17-82
167            <meta-data
167-->[com.google.firebase:firebase-datatransport:17.0.10] AndroidManifest.xml:28:13-30:85
168                android:name="com.google.firebase.components:com.google.firebase.datatransport.TransportRegistrar"
168-->[com.google.firebase:firebase-datatransport:17.0.10] AndroidManifest.xml:29:17-115
169                android:value="com.google.firebase.components.ComponentRegistrar" />
169-->[com.google.firebase:firebase-datatransport:17.0.10] AndroidManifest.xml:30:17-82
170            <meta-data
170-->[com.google.android.gms:play-services-measurement-api:18.0.1] AndroidManifest.xml:30:13-32:85
171                android:name="com.google.firebase.components:com.google.firebase.analytics.connector.internal.AnalyticsConnectorRegistrar"
171-->[com.google.android.gms:play-services-measurement-api:18.0.1] AndroidManifest.xml:31:17-139
172                android:value="com.google.firebase.components.ComponentRegistrar" />
172-->[com.google.android.gms:play-services-measurement-api:18.0.1] AndroidManifest.xml:32:17-82
173            <meta-data
173-->[com.google.firebase:firebase-installations:16.3.5] AndroidManifest.xml:18:13-20:85
174                android:name="com.google.firebase.components:com.google.firebase.installations.FirebaseInstallationsRegistrar"
174-->[com.google.firebase:firebase-installations:16.3.5] AndroidManifest.xml:19:17-127
175                android:value="com.google.firebase.components.ComponentRegistrar" />
175-->[com.google.firebase:firebase-installations:16.3.5] AndroidManifest.xml:20:17-82
176            <!--
177                This registrar is not defined in the dynamic-module-support sdk itself to allow non-firebase
178                clients to use it as well, by defining this registrar in their own core/common library.
179            -->
180            <meta-data
180-->[com.google.firebase:firebase-common:19.5.0] AndroidManifest.xml:43:13-45:85
181                android:name="com.google.firebase.components:com.google.firebase.dynamicloading.DynamicLoadingRegistrar"
181-->[com.google.firebase:firebase-common:19.5.0] AndroidManifest.xml:44:17-121
182                android:value="com.google.firebase.components.ComponentRegistrar" />
182-->[com.google.firebase:firebase-common:19.5.0] AndroidManifest.xml:45:17-82
183        </service> <!-- Needs to be explicitly declared on P+ -->
184        <uses-library
184-->[com.google.android.gms:play-services-maps:17.0.0] AndroidManifest.xml:33:9-35:40
185            android:name="org.apache.http.legacy"
185-->[com.google.android.gms:play-services-maps:17.0.0] AndroidManifest.xml:34:13-50
186            android:required="false" />
186-->[com.google.android.gms:play-services-maps:17.0.0] AndroidManifest.xml:35:13-37
187
188        <receiver
188-->[com.google.firebase:firebase-iid:21.0.1] AndroidManifest.xml:37:9-44:20
189            android:name="com.google.firebase.iid.FirebaseInstanceIdReceiver"
189-->[com.google.firebase:firebase-iid:21.0.1] AndroidManifest.xml:38:13-78
190            android:exported="true"
190-->[com.google.firebase:firebase-iid:21.0.1] AndroidManifest.xml:39:13-36
191            android:permission="com.google.android.c2dm.permission.SEND" >
191-->[com.google.firebase:firebase-iid:21.0.1] AndroidManifest.xml:40:13-73
192            <intent-filter>
192-->[com.google.firebase:firebase-iid:21.0.1] AndroidManifest.xml:41:13-43:29
193                <action android:name="com.google.android.c2dm.intent.RECEIVE" />
193-->[com.google.firebase:firebase-iid:21.0.1] AndroidManifest.xml:42:17-81
193-->[com.google.firebase:firebase-iid:21.0.1] AndroidManifest.xml:42:25-78
194            </intent-filter>
195        </receiver>
196        <receiver
196-->[com.google.android.gms:play-services-measurement:18.0.1] AndroidManifest.xml:29:9-33:20
197            android:name="com.google.android.gms.measurement.AppMeasurementReceiver"
197-->[com.google.android.gms:play-services-measurement:18.0.1] AndroidManifest.xml:30:13-85
198            android:enabled="true"
198-->[com.google.android.gms:play-services-measurement:18.0.1] AndroidManifest.xml:31:13-35
199            android:exported="false" >
199-->[com.google.android.gms:play-services-measurement:18.0.1] AndroidManifest.xml:32:13-37
200        </receiver>
201
202        <service
202-->[com.google.android.gms:play-services-measurement:18.0.1] AndroidManifest.xml:35:9-38:40
203            android:name="com.google.android.gms.measurement.AppMeasurementService"
203-->[com.google.android.gms:play-services-measurement:18.0.1] AndroidManifest.xml:36:13-84
204            android:enabled="true"
204-->[com.google.android.gms:play-services-measurement:18.0.1] AndroidManifest.xml:37:13-35
205            android:exported="false" />
205-->[com.google.android.gms:play-services-measurement:18.0.1] AndroidManifest.xml:38:13-37
206        <service
206-->[com.google.android.gms:play-services-measurement:18.0.1] AndroidManifest.xml:39:9-43:72
207            android:name="com.google.android.gms.measurement.AppMeasurementJobService"
207-->[com.google.android.gms:play-services-measurement:18.0.1] AndroidManifest.xml:40:13-87
208            android:enabled="true"
208-->[com.google.android.gms:play-services-measurement:18.0.1] AndroidManifest.xml:41:13-35
209            android:exported="false"
209-->[com.google.android.gms:play-services-measurement:18.0.1] AndroidManifest.xml:42:13-37
210            android:permission="android.permission.BIND_JOB_SERVICE" />
210-->[com.google.android.gms:play-services-measurement:18.0.1] AndroidManifest.xml:43:13-69
211
212        <provider
212-->[com.google.firebase:firebase-common:19.5.0] AndroidManifest.xml:26:9-31:39
213            android:name="com.google.firebase.provider.FirebaseInitProvider"
213-->[com.google.firebase:firebase-common:19.5.0] AndroidManifest.xml:27:13-77
214            android:authorities="com.fli.elogistic.driver.staging.firebaseinitprovider"
214-->[com.google.firebase:firebase-common:19.5.0] AndroidManifest.xml:28:13-72
215            android:directBootAware="true"
215-->[com.google.firebase:firebase-common:19.5.0] AndroidManifest.xml:29:13-43
216            android:exported="false"
216-->[com.google.firebase:firebase-common:19.5.0] AndroidManifest.xml:30:13-37
217            android:initOrder="100" />
217-->[com.google.firebase:firebase-common:19.5.0] AndroidManifest.xml:31:13-36
218
219        <activity
219-->[com.google.android.gms:play-services-base:17.6.0] AndroidManifest.xml:23:9-26:75
220            android:name="com.google.android.gms.common.api.GoogleApiActivity"
220-->[com.google.android.gms:play-services-base:17.6.0] AndroidManifest.xml:24:13-79
221            android:exported="false"
221-->[com.google.android.gms:play-services-base:17.6.0] AndroidManifest.xml:25:13-37
222            android:theme="@android:style/Theme.Translucent.NoTitleBar" />
222-->[com.google.android.gms:play-services-base:17.6.0] AndroidManifest.xml:26:13-72
223
224        <meta-data
224-->[com.google.android.gms:play-services-basement:17.6.0] AndroidManifest.xml:23:9-25:69
225            android:name="com.google.android.gms.version"
225-->[com.google.android.gms:play-services-basement:17.6.0] AndroidManifest.xml:24:13-58
226            android:value="@integer/google_play_services_version" />
226-->[com.google.android.gms:play-services-basement:17.6.0] AndroidManifest.xml:25:13-66
227
228        <provider
228-->[androidx.lifecycle:lifecycle-process:2.2.0] AndroidManifest.xml:25:9-29:43
229            android:name="androidx.lifecycle.ProcessLifecycleOwnerInitializer"
229-->[androidx.lifecycle:lifecycle-process:2.2.0] AndroidManifest.xml:26:13-79
230            android:authorities="com.fli.elogistic.driver.staging.lifecycle-process"
230-->[androidx.lifecycle:lifecycle-process:2.2.0] AndroidManifest.xml:27:13-69
231            android:exported="false"
231-->[androidx.lifecycle:lifecycle-process:2.2.0] AndroidManifest.xml:28:13-37
232            android:multiprocess="true" />
232-->[androidx.lifecycle:lifecycle-process:2.2.0] AndroidManifest.xml:29:13-40
233
234        <service
234-->[androidx.room:room-runtime:2.2.6] AndroidManifest.xml:25:9-28:40
235            android:name="androidx.room.MultiInstanceInvalidationService"
235-->[androidx.room:room-runtime:2.2.6] AndroidManifest.xml:26:13-74
236            android:directBootAware="true"
236-->[androidx.room:room-runtime:2.2.6] AndroidManifest.xml:27:13-43
237            android:exported="false" />
237-->[androidx.room:room-runtime:2.2.6] AndroidManifest.xml:28:13-37
238        <service
238-->[com.google.android.datatransport:transport-backend-cct:2.3.3] AndroidManifest.xml:29:9-35:19
239            android:name="com.google.android.datatransport.runtime.backends.TransportBackendDiscovery"
239-->[com.google.android.datatransport:transport-backend-cct:2.3.3] AndroidManifest.xml:30:13-103
240            android:exported="false" >
240-->[com.google.android.datatransport:transport-backend-cct:2.3.3] AndroidManifest.xml:31:13-37
241            <meta-data
241-->[com.google.android.datatransport:transport-backend-cct:2.3.3] AndroidManifest.xml:32:13-34:39
242                android:name="backend:com.google.android.datatransport.cct.CctBackendFactory"
242-->[com.google.android.datatransport:transport-backend-cct:2.3.3] AndroidManifest.xml:33:17-94
243                android:value="cct" />
243-->[com.google.android.datatransport:transport-backend-cct:2.3.3] AndroidManifest.xml:34:17-36
244        </service>
245        <service
245-->[com.google.android.datatransport:transport-runtime:2.2.5] AndroidManifest.xml:26:9-30:19
246            android:name="com.google.android.datatransport.runtime.scheduling.jobscheduling.JobInfoSchedulerService"
246-->[com.google.android.datatransport:transport-runtime:2.2.5] AndroidManifest.xml:27:13-117
247            android:exported="false"
247-->[com.google.android.datatransport:transport-runtime:2.2.5] AndroidManifest.xml:28:13-37
248            android:permission="android.permission.BIND_JOB_SERVICE" >
248-->[com.google.android.datatransport:transport-runtime:2.2.5] AndroidManifest.xml:29:13-69
249        </service>
250
251        <receiver
251-->[com.google.android.datatransport:transport-runtime:2.2.5] AndroidManifest.xml:32:9-34:40
252            android:name="com.google.android.datatransport.runtime.scheduling.jobscheduling.AlarmManagerSchedulerBroadcastReceiver"
252-->[com.google.android.datatransport:transport-runtime:2.2.5] AndroidManifest.xml:33:13-132
253            android:exported="false" />
253-->[com.google.android.datatransport:transport-runtime:2.2.5] AndroidManifest.xml:34:13-37
254    </application>
255
256</manifest>